2026-03-17T10:01:50.495Z [INFO]: 
            Server is running on the port 3000
2026-03-17T10:01:53.335Z [INFO]: 
            User connected:
2026-03-17T10:01:53.377Z [INFO]: 
            User krishna joined the room
2026-03-17T10:01:53.471Z [INFO]: 
            Message from krishna to sharan: Hello
2026-03-17T10:01:53.473Z [INFO]: 
            Message from krishna to : Hello
2026-03-17T10:01:54.143Z [INFO]: 
            User connected:
2026-03-17T10:01:54.169Z [INFO]: 
            User Sharan joined the room
2026-03-17T10:01:54.173Z [INFO]: 
            Message from Sharan to krishna: hello
2026-03-17T10:01:54.177Z [INFO]: 
            Message from Sharan to : hello
2026-03-17T10:02:09.345Z [INFO]: 
            Message from krishna to null: Hello
2026-03-17T10:05:31.741Z [INFO]: 
            Server is running on the port 3000
2026-03-17T10:05:33.536Z [INFO]: 
            User connected:
2026-03-17T10:05:33.909Z [INFO]: 
            User connected:
2026-03-17T10:05:35.912Z [INFO]: 
            User Disconnect:
2026-03-17T10:05:44.392Z [INFO]: 
            User connected:
2026-03-17T10:05:44.423Z [INFO]: 
            User krishna joined the room
2026-03-17T10:05:55.029Z [INFO]: 
            User Disconnect:
2026-03-17T10:06:02.482Z [INFO]: 
            User connected:
2026-03-17T10:06:02.515Z [INFO]: 
            User sharan joined the room
2026-03-17T10:07:34.875Z [INFO]: 
            Server is running on the port 3000
2026-03-17T10:07:36.173Z [INFO]: 
            User connected:
2026-03-17T10:07:36.390Z [INFO]: 
            User connected:
2026-03-17T10:07:40.148Z [INFO]: 
            User Disconnect:
2026-03-17T10:07:46.993Z [INFO]: 
            User connected:
2026-03-17T10:07:47.037Z [INFO]: 
            User krishna joined the room
2026-03-17T10:07:51.993Z [INFO]: 
            User Disconnect:
2026-03-17T10:07:58.383Z [INFO]: 
            User connected:
2026-03-17T10:07:58.405Z [INFO]: 
            User sharan joined the room
2026-03-17T10:08:07.952Z [INFO]: 
            Message from krishna to sharan: hello
2026-03-17T10:08:18.573Z [INFO]: 
            Message from sharan to krishna: hello
2026-03-17T10:09:27.212Z [INFO]: 
            Server is running on the port 3000
2026-03-17T10:09:27.429Z [INFO]: 
            User connected:
2026-03-17T10:09:27.453Z [INFO]: 
            User connected:
2026-03-17T10:09:46.979Z [INFO]: 
            User Disconnect:
2026-03-17T10:09:54.337Z [INFO]: 
            User connected:
2026-03-17T10:09:54.372Z [INFO]: 
            User krishna joined the room
2026-03-17T10:09:56.437Z [INFO]: 
            User Disconnect:
2026-03-17T10:10:01.963Z [INFO]: 
            User connected:
2026-03-17T10:10:01.984Z [INFO]: 
            User sharan joined the room
2026-03-17T10:10:12.295Z [INFO]: 
            Message from krishna to sharan: hello
2026-03-17T10:11:35.722Z [INFO]: 
            Server is running on the port 3000
2026-03-17T10:11:35.861Z [INFO]: 
            User connected:
2026-03-17T10:11:41.130Z [INFO]: 
            Message from krishna to sharan: hello
2026-03-17T10:11:42.145Z [INFO]: 
            User connected:
2026-03-17T10:11:43.810Z [INFO]: 
            User Disconnect:
2026-03-17T10:11:50.259Z [INFO]: 
            User connected:
2026-03-17T10:11:50.363Z [INFO]: 
            User krishna joined the room
2026-03-17T10:11:53.752Z [INFO]: 
            User Disconnect:
2026-03-17T10:12:00.337Z [INFO]: 
            User connected:
2026-03-17T10:12:00.357Z [INFO]: 
            User sharan joined the room
2026-03-17T10:12:05.427Z [INFO]: 
            Message from krishna to sharan: helllo
2026-03-17T10:12:07.120Z [INFO]: 
            Message from krishna to sharan: helllo
2026-03-17T10:12:07.684Z [INFO]: 
            Message from krishna to sharan: helllo
2026-03-17T10:12:07.855Z [INFO]: 
            Message from krishna to sharan: helllo
2026-03-17T10:12:12.901Z [INFO]: 
            Message from sharan to krishna: hello
2026-03-17T10:12:13.412Z [INFO]: 
            Message from sharan to krishna: hello
2026-03-17T10:12:13.650Z [INFO]: 
            Message from sharan to krishna: hello
2026-03-17T10:13:39.096Z [INFO]: 
            Server is running on the port 3000
2026-03-17T10:13:39.176Z [INFO]: 
            User connected:
2026-03-17T10:13:39.996Z [INFO]: 
            User connected:
2026-03-17T10:13:48.617Z [INFO]: 
            User Disconnect:
2026-03-17T10:13:58.542Z [INFO]: 
            User connected:
2026-03-17T10:13:58.589Z [INFO]: 
            User krishna joined the room
2026-03-17T10:14:00.972Z [INFO]: 
            User Disconnect:
2026-03-17T10:14:07.416Z [INFO]: 
            User connected:
2026-03-17T10:14:07.453Z [INFO]: 
            User sharan joined the room
2026-03-17T10:14:15.114Z [INFO]: 
            Message from krishna to sharan: hello
2026-03-17T10:14:23.806Z [INFO]: 
            Message from sharan to krishna: hello
2026-03-17T10:15:58.729Z [INFO]: 
            Message from krishna to sharan: how are you doing
2026-03-17T10:16:10.798Z [INFO]: 
            Message from sharan to krishna: I am good how are you doing?
2026-03-17T10:18:20.470Z [INFO]: 
            User connected:
2026-03-17T10:18:20.499Z [INFO]: 
            User uday joined the room
2026-03-17T10:18:26.826Z [INFO]: 
            Message from uday to sharan: helllo
2026-03-17T10:21:14.736Z [INFO]: 
            Server is running on the port 3000
2026-03-17T10:21:16.175Z [INFO]: 
            User connected:
2026-03-17T10:21:16.183Z [INFO]: 
            User connected:
2026-03-17T10:21:17.134Z [INFO]: 
            User connected:
2026-03-17T10:22:09.865Z [INFO]: 
            Message from krishna to sharan: 
2026-03-17T10:22:12.471Z [INFO]: 
            Message from krishna to sharan: 
2026-03-17T10:22:18.012Z [INFO]: 
            Message from krishna to sharan: helllo
2026-03-17T10:22:26.273Z [INFO]: 
            Message from krishna to sharan: helllo
2026-03-17T10:22:26.335Z [INFO]: 
            Message from krishna to sharan: helllo
2026-03-17T10:22:29.849Z [INFO]: 
            User Disconnect:
2026-03-17T10:22:52.159Z [INFO]: 
            User Disconnect:
2026-03-17T10:22:56.308Z [INFO]: 
            User connected:
2026-03-17T10:22:56.321Z [INFO]: 
            User sharan joined the room
2026-03-17T10:22:57.482Z [INFO]: 
            User connected:
2026-03-17T10:22:58.951Z [INFO]: 
            User Disconnect:
2026-03-17T10:23:10.743Z [INFO]: 
            User connected:
2026-03-17T10:23:10.840Z [INFO]: 
            User krishna joined the room
2026-03-17T10:23:17.906Z [INFO]: 
            Message from krishna to sharan: helllo
2026-03-17T10:23:21.888Z [INFO]: 
            Message from uday to sharan: helllo
2026-03-24T11:30:53.656Z [INFO]: 
            Server is running on port 3000
2026-03-24T11:37:27.838Z [INFO]: 
            Server is running on port 3000
2026-03-24T11:37:42.804Z [INFO]: 
            Server is running on port 3000
2026-03-24T11:46:05.809Z [INFO]: 
            Server is running on port 3000
2026-03-31T08:50:24.203Z [INFO]: 
            Server is running on port 3000
2026-03-31T08:50:42.828Z [INFO]: 
            Server is running on port 3000
2026-03-31T08:50:54.295Z [INFO]: 
            Server is running on port 3000
2026-03-31T08:53:44.315Z [INFO]: 
            Server is running on port 3000
2026-03-31T08:57:12.130Z [INFO]: 
            Server is running on port 3000
2026-03-31T08:58:44.012Z [INFO]: 
            Server is running on port 3000
2026-04-09T06:07:03.496Z [INFO]: 
            Server is running on port 3000
2026-04-09T06:14:31.047Z [INFO]: 
            Server is running on port 3000
2026-04-09T06:14:34.694Z [INFO]: 
            Server is running on port 3000
2026-04-09T06:18:36.378Z [INFO]: 
            Server is running on port 3000
2026-04-09T06:19:36.955Z [INFO]: 
            Server is running on port 3000
2026-04-09T06:23:07.643Z [INFO]: 
            Server is running on port 3000
2026-04-09T06:23:36.655Z [INFO]: 
            Server is running on port 3000
2026-04-09T06:24:01.310Z [INFO]: 
            Server is running on port 3000
2026-04-09T06:30:16.667Z [INFO]: 
            Server is running on port 3000
2026-04-09T06:36:42.302Z [INFO]: 
            Server is running on port 3000
2026-04-09T06:36:46.139Z [INFO]: 
            Server is running on port 3000
2026-04-09T06:37:45.982Z [INFO]: 
            Server is running on port 3000
2026-04-09T06:39:57.455Z [INFO]: 
            User connected: 14Ms708c-MhZkpRgAAAB, UserId: undefined
2026-04-09T06:40:19.209Z [INFO]: 
            User connected: nS5qhrIIH9F_r5LIAAAD, UserId: undefined
2026-04-09T06:40:26.388Z [INFO]: 
            Message from undefined to krishna1: krishna
2026-04-09T06:40:31.867Z [INFO]: 
            Message from undefined to krishna: krishnna
2026-04-09T06:40:56.103Z [INFO]: 
            Message from undefined to krishna1: krishna
2026-04-09T06:41:03.637Z [INFO]: 
            Message from undefined to krishna: krishnna
2026-04-09T06:43:06.956Z [INFO]: 
            Server is running on port 3000
2026-04-09T06:43:07.065Z [INFO]: 
            User connected: dy8nDQsPP70KzZ4xAAAB, UserId: undefined
2026-04-09T06:43:07.469Z [INFO]: 
            User connected: R7rG7FU00Cu4OZwNAAAD, UserId: undefined
2026-04-09T06:43:14.562Z [INFO]: 
            User disconnected: R7rG7FU00Cu4OZwNAAAD
2026-04-09T06:43:28.793Z [INFO]: 
            User connected: UQ04tiPcGWHtQjuSAAAF, UserId: undefined
2026-04-09T06:43:31.324Z [INFO]: 
            User disconnected: dy8nDQsPP70KzZ4xAAAB
2026-04-09T06:43:38.113Z [INFO]: 
            User connected: UHzCCa1MZu5PG_u8AAAH, UserId: undefined
2026-04-09T06:44:48.981Z [INFO]: 
            Server is running on port 3000
2026-04-09T06:44:49.106Z [INFO]: 
            User connected: GAwyIdYfetbwo2ggAAAB, UserId: undefined
2026-04-09T06:44:50.477Z [INFO]: 
            User connected: ejnuqvZz-fFYoRBQAAAD, UserId: undefined
2026-04-09T06:44:55.712Z [INFO]: 
            User disconnected: GAwyIdYfetbwo2ggAAAB
2026-04-09T06:45:05.030Z [INFO]: 
            User connected: IsFih8nF5pMepMqCAAAF, UserId: undefined
2026-04-09T06:45:11.040Z [INFO]: 
            User disconnected: ejnuqvZz-fFYoRBQAAAD
2026-04-09T06:45:19.724Z [INFO]: 
            User connected: HmAgvwaA0KXYD0UeAAAH, UserId: undefined
2026-04-09T06:45:21.858Z [INFO]: 
            User disconnected: IsFih8nF5pMepMqCAAAF
2026-04-09T06:45:28.829Z [INFO]: 
            User connected: TA51iqOXJOgKPRfTAAAJ, UserId: undefined
2026-04-09T06:46:54.165Z [INFO]: 
            User disconnected: HmAgvwaA0KXYD0UeAAAH
2026-04-09T06:47:02.853Z [INFO]: 
            User connected: hnNUPvkDooS-kCAUAAAL, UserId: undefined
2026-04-09T06:47:04.993Z [INFO]: 
            User disconnected: TA51iqOXJOgKPRfTAAAJ
2026-04-09T06:47:12.071Z [INFO]: 
            User connected: 4AkrvIkWOXU3-IDSAAAN, UserId: undefined
2026-04-09T06:47:17.362Z [INFO]: 
            Message from undefined to undefined: hello
2026-04-09T06:49:19.777Z [INFO]: 
            User disconnected: hnNUPvkDooS-kCAUAAAL
2026-04-09T06:49:38.650Z [INFO]: 
            User connected: 42xo3Bvla3S3jszzAAAP, UserId: undefined
2026-04-09T06:49:40.336Z [INFO]: 
            User disconnected: 4AkrvIkWOXU3-IDSAAAN
2026-04-09T06:49:46.963Z [INFO]: 
            User connected: vEXCnReU8pezgZHZAAAR, UserId: undefined
2026-04-09T06:50:01.568Z [INFO]: 
            Message from undefined to krishna1: hello
2026-04-09T06:50:14.185Z [INFO]: 
            Message from undefined to krishna: hello
2026-04-09T06:50:21.331Z [INFO]: 
            Message from undefined to krishna: hello
2026-04-09T06:50:23.271Z [INFO]: 
            Message from undefined to krishna: hello
2026-04-09T06:50:25.340Z [INFO]: 
            Message from undefined to krishna1: hello
2026-04-09T06:50:26.382Z [INFO]: 
            Message from undefined to krishna1: hello
2026-04-09T06:50:26.540Z [INFO]: 
            Message from undefined to krishna1: hello
2026-04-09T06:56:01.407Z [INFO]: 
            Server is running on port 3000
2026-04-09T06:56:01.510Z [INFO]: 
            User connected: NJZT5thjT0kpNlTQAAAB, UserId: undefined
2026-04-09T06:56:06.198Z [INFO]: 
            User connected: ejydQEJfbe9UiYOuAAAD, UserId: undefined
2026-04-09T06:56:13.000Z [INFO]: 
            Message from undefined to krishna: hello
2026-04-09T06:56:14.765Z [INFO]: 
            Message from undefined to krishna: hello
2026-04-09T06:56:16.499Z [INFO]: 
            User disconnected: ejydQEJfbe9UiYOuAAAD
2026-04-09T06:56:20.941Z [INFO]: 
            User connected: 7TULETC_XibfyRvVAAAF, UserId: undefined
2026-04-09T06:56:23.235Z [INFO]: 
            User disconnected: NJZT5thjT0kpNlTQAAAB
2026-04-09T06:56:26.455Z [INFO]: 
            User connected: 8nQGNnDrymun6SmDAAAH, UserId: undefined
2026-04-09T06:56:37.558Z [INFO]: 
            Message from undefined to krishna1: hello
2026-04-09T06:58:21.141Z [INFO]: 
            Server is running on port 3000
2026-04-09T06:58:22.430Z [INFO]: 
            User connected: PFNx1I2A4LBJRsT0AAAB, UserId: undefined
2026-04-09T06:58:23.492Z [INFO]: 
            User connected: 4voisPPxUabYrGbMAAAD, UserId: undefined
2026-04-09T06:58:27.808Z [INFO]: 
            User disconnected: PFNx1I2A4LBJRsT0AAAB
2026-04-09T06:58:36.643Z [INFO]: 
            User connected: vQeUl05XCmRDNP_6AAAF, UserId: undefined
2026-04-09T06:58:39.695Z [INFO]: 
            User disconnected: 4voisPPxUabYrGbMAAAD
2026-04-09T06:58:43.955Z [INFO]: 
            User connected: Wp_GNL3NDXkT1DJ_AAAH, UserId: undefined
2026-04-09T07:00:54.418Z [INFO]: 
            Server is running on port 3000
2026-04-09T07:00:56.206Z [INFO]: 
            User connected: sARQSX8E-brImy5qAAAB, UserId: undefined
2026-04-09T07:00:56.688Z [INFO]: 
            User connected: Xwkz9wo6UQ3-SQYFAAAD, UserId: undefined
2026-04-09T07:02:20.977Z [INFO]: 
            User disconnected: Xwkz9wo6UQ3-SQYFAAAD
2026-04-09T07:02:26.380Z [INFO]: 
            User connected: XiIJRRbfd-J38g02AAAF, UserId: undefined
2026-04-09T07:02:28.710Z [INFO]: 
            User disconnected: sARQSX8E-brImy5qAAAB
2026-04-09T07:02:32.127Z [INFO]: 
            User connected: quj4ihBLA9TiLnf-AAAH, UserId: undefined
2026-04-09T07:02:43.447Z [INFO]: 
            Message from undefined to krishna: hello
2026-04-09T07:02:52.042Z [INFO]: 
            Message from undefined to krishna1: hello
2026-04-09T07:02:57.740Z [INFO]: 
            Message from undefined to krishna1: hiii
2026-04-09T07:03:08.342Z [INFO]: 
            User disconnected: XiIJRRbfd-J38g02AAAF
2026-04-09T07:03:20.446Z [INFO]: 
            User connected: pyMWlTgA_ZlYp2srAAAJ, UserId: undefined
2026-04-09T07:03:22.393Z [INFO]: 
            User disconnected: quj4ihBLA9TiLnf-AAAH
2026-04-09T07:03:32.799Z [INFO]: 
            User connected: klvAWOYqTtbLHXQ-AAAL, UserId: undefined
2026-04-09T07:03:41.667Z [INFO]: 
            Message from undefined to krishna1: hello
2026-04-09T07:03:51.172Z [INFO]: 
            Message from undefined to sharan: krishna
2026-04-09T07:05:39.825Z [INFO]: 
            Server is running on port 3000
2026-04-09T07:05:39.992Z [INFO]: 
            User connected: TMZoZ18jeSqTnXjHAAAB, UserId: undefined
2026-04-09T07:05:43.331Z [INFO]: 
            Server is running on port 3000
2026-04-09T07:05:43.531Z [INFO]: 
            User connected: _B-WjwbDXkPl8z4CAAAB, UserId: undefined
2026-04-09T07:05:54.398Z [INFO]: 
            User connected: RC5PNJ36a_Ulvg1YAAAD, UserId: undefined
2026-04-09T07:05:59.062Z [INFO]: 
            User disconnected: _B-WjwbDXkPl8z4CAAAB
2026-04-09T07:06:02.652Z [INFO]: 
            User connected: SAYVAO_3M_Tfr94cAAAF, UserId: undefined
2026-04-09T07:06:20.263Z [INFO]: 
            Message from undefined to sharan: krishna
2026-04-09T07:07:33.560Z [INFO]: 
            Server is running on port 3000
2026-04-09T07:07:33.785Z [INFO]: 
            User connected: WaJ2Yuy9p2yhUr2oAAAB, UserId: undefined
2026-04-09T07:07:34.646Z [INFO]: 
            User connected: knKI_ILgImrezbczAAAD, UserId: undefined
2026-04-09T07:07:51.248Z [INFO]: 
            User disconnected: knKI_ILgImrezbczAAAD
2026-04-09T07:07:57.006Z [INFO]: 
            User connected: x5AX2aeN8_CnOP-qAAAF, UserId: undefined
2026-04-09T07:07:59.928Z [INFO]: 
            User disconnected: WaJ2Yuy9p2yhUr2oAAAB
2026-04-09T07:08:03.897Z [INFO]: 
            User connected: vW9Isg6-F9_foIrkAAAH, UserId: undefined
2026-04-09T07:08:22.975Z [INFO]: 
            Message from undefined to sharan: hello
2026-04-09T07:08:37.517Z [INFO]: 
            Message from undefined to krishna: hello
2026-04-09T07:08:50.577Z [INFO]: 
            Message from undefined to krishna1: hello
2026-04-09T07:18:22.335Z [INFO]: 
            Server is running on port 3000
2026-04-09T07:18:22.508Z [INFO]: 
            User connected: w16oXl-_B-o8dL56AAAB, UserId: undefined
2026-04-09T07:18:23.474Z [INFO]: 
            User connected: itdpvIX1Tm0rkJyaAAAD, UserId: undefined
2026-04-09T07:25:36.841Z [INFO]: 
            Server is running on port 3000
2026-04-09T07:25:36.982Z [INFO]: 
            User connected: LQlXESh5tOYpp3gwAAAB, UserId: undefined
2026-04-09T07:25:37.925Z [INFO]: 
            User connected: wTvOnn67brrL7lvyAAAD, UserId: undefined
2026-04-09T07:27:37.109Z [INFO]: 
            User disconnected: wTvOnn67brrL7lvyAAAD
2026-04-09T07:27:45.042Z [INFO]: 
            User connected: Z5cAcE_kn3oe48mYAAAF, UserId: undefined
2026-04-09T07:28:40.510Z [INFO]: 
            Message from undefined to null: Hello
2026-04-09T07:28:59.842Z [INFO]: 
            Message from undefined to krishna1: hello there
2026-04-09T08:00:28.687Z [INFO]: 
            User disconnected: Z5cAcE_kn3oe48mYAAAF
2026-04-09T08:00:29.049Z [INFO]: 
            User disconnected: LQlXESh5tOYpp3gwAAAB
2026-04-09T09:52:18.338Z [INFO]: 
            Server is running on port 3000
2026-04-09T09:52:39.092Z [INFO]: 
            Server is running on port 3000
2026-04-09T09:53:45.667Z [INFO]: 
            Server is running on port 3000
2026-04-09T09:57:08.896Z [INFO]: 
            User connected: R7KGw5PsfTcPK2quAAAB, UserId: 2
2026-04-09T09:57:28.260Z [INFO]: 
            User disconnected: R7KGw5PsfTcPK2quAAAB
2026-04-09T09:57:30.939Z [INFO]: 
            User connected: 9WwKrccUA_q36iLpAAAD, UserId: 2
2026-04-09T09:57:45.315Z [INFO]: 
            User connected: 6k8juB9etA0zt8cuAAAF, UserId: 3
2026-04-09T09:58:05.030Z [INFO]: 
            Message from 2 to krishna1: hello
2026-04-09T09:58:09.716Z [INFO]: 
            Message from 3 to krishna: hello
2026-04-09T09:58:17.596Z [INFO]: 
            Message from 3 to krishna: how are you
2026-04-09T10:01:08.553Z [INFO]: 
            Server is running on port 3000
2026-04-09T10:01:08.723Z [INFO]: 
            User connected: BWhcrQFXWoLP7f9OAAAC, UserId: 2
2026-04-09T10:01:08.802Z [INFO]: 
            User connected: auUqONFGvgfbIOrQAAAD, UserId: 3
2026-04-09T10:01:18.532Z [INFO]: 
            Server is running on port 3000
2026-04-09T10:01:19.522Z [INFO]: 
            User connected: ZRMfArl5RW2FbxMiAAAB, UserId: 3
2026-04-09T10:01:20.106Z [INFO]: 
            User connected: -cXLTNG0IbMgmkF7AAAD, UserId: 2
